<?xml version="1.0" encoding="UTF-8"?>
<testsuite name="taxipark.TestTask6ParetoPrinciple" tests="11" skipped="0" failures="0" errors="0" timestamp="2020-04-22T10:19:25" hostname="rubeen.fritz.box" time="0.02">
  <properties/>
  <testcase name="test1" classname="taxipark.TestTask6ParetoPrinciple" time="0.009"/>
  <testcase name="test2" classname="taxipark.TestTask6ParetoPrinciple" time="0.0"/>
  <testcase name="test3" classname="taxipark.TestTask6ParetoPrinciple" time="0.002"/>
  <testcase name="test4" classname="taxipark.TestTask6ParetoPrinciple" time="0.0"/>
  <testcase name="test5" classname="taxipark.TestTask6ParetoPrinciple" time="0.0"/>
  <testcase name="test7" classname="taxipark.TestTask6ParetoPrinciple" time="0.001"/>
  <testcase name="test8" classname="taxipark.TestTask6ParetoPrinciple" time="0.002"/>
  <testcase name="test9" classname="taxipark.TestTask6ParetoPrinciple" time="0.001"/>
  <testcase name="testParetoPrincipleFails" classname="taxipark.TestTask6ParetoPrinciple" time="0.0"/>
  <testcase name="testParetoPrincipleNoTrips" classname="taxipark.TestTask6ParetoPrinciple" time="0.001"/>
  <testcase name="testParetoPrincipleSucceeds" classname="taxipark.TestTask6ParetoPrinciple" time="0.0"/>
  <system-out><![CDATA[sumAll: 199.0 || sumNumberOfPeople: 160.0
sumAll: 201.0 || sumNumberOfPeople: 160.0
sumAll: 369.70000000000005 || sumNumberOfPeople: 296.5
sumAll: 383.0 || sumNumberOfPeople: 306.40000000000003
sumAll: 282.1 || sumNumberOfPeople: 208.5
sumAll: 1023.2 || sumNumberOfPeople: 820.3
sumAll: 1043.3999999999996 || sumNumberOfPeople: 833.4000000000001
sumAll: 1750.1 || sumNumberOfPeople: 1409.1
sumAll: 200.0 || sumNumberOfPeople: 120.0
sumAll: 200.0 || sumNumberOfPeople: 160.0
]]></system-out>
  <system-err><![CDATA[]]></system-err>
</testsuite>
